REFUSE conformance/yaml-profile/invalid/alias-ref.nika.yaml · NIKA-YAML-002 · alias (*ghost) at line 10, column 23 · R11 point 1
       teaching: Les aliases (*ref) sont interdits · répète la valeur explicitement.
REFUSE conformance/yaml-profile/invalid/anchor-unreferenced.nika.yaml · NIKA-YAML-001 · anchor (&shared) at line 8, column 12 · R11 points 1+3: refused even when never referenced
       teaching: YAML valide mais le profil Nika interdit les anchors · inline la valeur.
REFUSE conformance/yaml-profile/invalid/bom.nika.yaml · NIKA-YAML-011 · byte order mark (U+FEFF) at byte 0 · the profile refuses a BOM (D-2026-07-17-N5)
       teaching: La source viole le contrat Unicode du profil · BOM refusé et NFC obligatoire (D-2026-07-17-N5) · deux encodages du même texte ne doivent jamais hasher différemment.
REFUSE conformance/yaml-profile/invalid/custom-tag.nika.yaml · NIKA-YAML-006 · custom tag !secret at line 10, column 23 · R11 point 13: only the YAML core schema (str, int, float, bool, null, map, seq) is admitted
       teaching: Tag custom interdit · le profil Nika n'admet que le schema core YAML (str, int, float, bool, null, map, seq).
REFUSE conformance/yaml-profile/invalid/depth-over-cap.nika.yaml · NIKA-YAML-009 · nesting reaches level 65 at line 72, column 129 · the profile caps depth at 64 levels (D-2026-07-17-N5)
       teaching: Document trop profond · le profil borne l'imbrication à 64 niveaux (D-2026-07-17-N5) · au-delà le document est généré, pas écrit · aplatis la structure.
REFUSE conformance/yaml-profile/invalid/document-over-cap.nika.yaml · NIKA-YAML-010 · document is 1048577 bytes · the profile caps a document at 1048576 bytes (1 MiB · D-2026-07-17-N5) — a net refusal, never truncation
       teaching: Document trop grand · le profil borne un document à 1048576 bytes (1 MiB · D-2026-07-17-N5) · refus net, jamais de troncature · découpe en workflows composés.
REFUSE conformance/yaml-profile/invalid/dup-key.nika.yaml · NIKA-YAML-004 · duplicate mapping key 'exec' at line 10, column 5 · R11 points 5+13: no silent last-wins
       teaching: Clé dupliquée · chaque clé de mapping est unique.
REFUSE conformance/yaml-profile/invalid/infinity-scalar.nika.yaml · NIKA-YAML-008 · non-finite float '-.inf' at line 9, column 14 · R11 point 13: the canonical JSON of the Semantic IR admits only finite numbers
       teaching: NaN et Infinity sont interdits · le JSON canonique du Semantic IR n'admet que des nombres finis.
REFUSE conformance/yaml-profile/invalid/merge-key.nika.yaml · NIKA-YAML-003 · merge key (<<) at line 9, column 5 · R11 point 1: compose mappings explicitly
       teaching: Les merge keys (<<) sont interdites · compose les mappings à la main.
REFUSE conformance/yaml-profile/invalid/nan-scalar.nika.yaml · NIKA-YAML-008 · non-finite float '.nan' at line 10, column 14 · R11 point 13: the canonical JSON of the Semantic IR admits only finite numbers
       teaching: NaN et Infinity sont interdits · le JSON canonique du Semantic IR n'admet que des nombres finis.
REFUSE conformance/yaml-profile/invalid/non-nfc.nika.yaml · NIKA-YAML-011 · source bytes are not NFC-normalized · the profile requires NFC (D-2026-07-17-N5) — two encodings of the same text must never hash apart
       teaching: La source viole le contrat Unicode du profil · BOM refusé et NFC obligatoire (D-2026-07-17-N5) · deux encodages du même texte ne doivent jamais hasher différemment.
REFUSE conformance/yaml-profile/invalid/non-string-key.nika.yaml · NIKA-YAML-007 · non-string mapping key '123' (resolves int) at line 11, column 7 · R11 point 13
       teaching: Clé non-string interdite · chaque clé de mapping du profil Nika est une string.
REFUSE conformance/yaml-profile/invalid/scalar-over-cap.nika.yaml · NIKA-YAML-005 · scalar of 65537 bytes at line 10, column 14 · the profile caps a scalar at 65536 bytes (64 KiB · D-2026-07-17-N5) — move the payload to a referenced file
       teaching: Scalar trop long · le profil borne un scalar à 65536 bytes (64 KiB · D-2026-07-17-N5) · refus net, jamais de troncature · déplace le payload vers un fichier référencé.
ADMIT  conformance/yaml-profile/valid/clean-minimal.nika.yaml
ADMIT  conformance/yaml-profile/valid/depth-at-cap.nika.yaml
ADMIT  conformance/yaml-profile/valid/scalar-at-cap.nika.yaml
ADMIT  conformance/yaml-profile/valid/unicode-nfc.nika.yaml
rc=1 (1 expected · negatives refused)
